  Main.cpp
c:\users\182324\desktop\raytracersdl\raytracer\RT_Color.h(22): warning C4244: 'initializing': conversion from 'uint32_t' to 'float', possible loss of data
c:\users\182324\desktop\raytracersdl\raytracer\RT_Color.h(27): warning C4244: '=': conversion from 'uint32_t' to 'float', possible loss of data
c:\users\182324\desktop\raytracersdl\raytracer\RT_Color.h(28): warning C4244: '=': conversion from 'uint32_t' to 'float', possible loss of data
c:\users\182324\desktop\raytracersdl\raytracer\RT_Color.h(29): warning C4244: '=': conversion from 'uint32_t' to 'float', possible loss of data
Main.cpp(20): warning C4244: 'argument': conversion from 'int' to 'float', possible loss of data
Main.cpp(21): warning C4244: 'initializing': conversion from 'double' to 'int', possible loss of data
Main.cpp(85): warning C4244: 'argument': conversion from 'int' to 'float', possible loss of data
  RT_Pixel.cpp
  RT_Plane.cpp
  RT_Scene.cpp
c:\users\182324\desktop\raytracersdl\raytracer\RT_Color.h(22): warning C4244: 'initializing': conversion from 'uint32_t' to 'float', possible loss of data
c:\users\182324\desktop\raytracersdl\raytracer\RT_Color.h(27): warning C4244: '=': conversion from 'uint32_t' to 'float', possible loss of data
c:\users\182324\desktop\raytracersdl\raytracer\RT_Color.h(28): warning C4244: '=': conversion from 'uint32_t' to 'float', possible loss of data
c:\users\182324\desktop\raytracersdl\raytracer\RT_Color.h(29): warning C4244: '=': conversion from 'uint32_t' to 'float', possible loss of data
RT_Scene.cpp(83): warning C4244: 'argument': conversion from 'unsigned int' to 'float', possible loss of data
RT_Scene.cpp(72): warning C4101: 'G_tmp': unreferenced local variable
RT_Scene.cpp(72): warning C4101: 'B_tmp': unreferenced local variable
RT_Scene.cpp(72): warning C4101: 'R_tmp': unreferenced local variable
RT_Scene.cpp(90): warning C4244: 'initializing': conversion from 'unsigned int' to 'float', possible loss of data
  RT_Sphere.cpp
  RT_Window.cpp
  Generating code
  2 of 367 functions ( 0.5%) were compiled, the rest were copied from previous compilation.
    0 functions were new in current compilation
    0 functions had inline decision re-evaluated but remain unchanged
  Finished generating code
  RayTracer.vcxproj -> C:\Users\182324\Desktop\RayTracerSDL\Release\RayTracer.exe
  RayTracer.vcxproj -> C:\Users\182324\Desktop\RayTracerSDL\Release\RayTracer.pdb (Full PDB)
