c:\users\182324\desktop\raytracersdl\raytracer\debug\vc140.pdb
c:\users\182324\desktop\raytracersdl\raytracer\debug\vc140.idb
c:\users\182324\desktop\raytracersdl\raytracer\debug\rt_pixel.obj
c:\users\182324\desktop\raytracersdl\raytracer\debug\rt_window.obj
c:\users\182324\desktop\raytracersdl\raytracer\debug\main.obj
c:\users\182324\desktop\raytracersdl\raytracer\debug\rt_scene.obj
c:\users\182324\desktop\raytracersdl\raytracer\debug\rt_sphere.obj
c:\users\182324\desktop\raytracersdl\debug\raytracer.ilk
c:\users\182324\desktop\raytracersdl\debug\raytracer.exe
c:\users\182324\desktop\raytracersdl\debug\raytracer.pdb
c:\users\182324\desktop\raytracersdl\raytracer\debug\main.obj.enc
c:\users\182324\desktop\raytracersdl\raytracer\debug\rt_pixel.obj.enc
c:\users\182324\desktop\raytracersdl\raytracer\debug\rt_scene.obj.enc
c:\users\182324\desktop\raytracersdl\raytracer\debug\rt_sphere.obj.enc
c:\users\182324\desktop\raytracersdl\raytracer\debug\rt_window.obj.enc
c:\users\182324\desktop\raytracersdl\raytracer\debug\raytracer.tlog\cl.command.1.tlog
c:\users\182324\desktop\raytracersdl\raytracer\debug\raytracer.tlog\cl.read.1.tlog
c:\users\182324\desktop\raytracersdl\raytracer\debug\raytracer.tlog\cl.write.1.tlog
c:\users\182324\desktop\raytracersdl\raytracer\debug\raytracer.tlog\link.command.1.tlog
c:\users\182324\desktop\raytracersdl\raytracer\debug\raytracer.tlog\link.read.1.tlog
c:\users\182324\desktop\raytracersdl\raytracer\debug\raytracer.tlog\link.write.1.tlog
