  RT_Scene.cpp
c:\users\182324\desktop\raytracersdl\raytracer\rt_scene.cpp(44): warning C4244: 'argument': conversion from 'float' to 'int', possible loss of data
c:\program files (x86)\microsoft visual studio 14.0\vc\include\xmemory0(737): error C2259: 'RT_Object': cannot instantiate abstract class
  c:\program files (x86)\microsoft visual studio 14.0\vc\include\xmemory0(737): note: due to following members:
  c:\program files (x86)\microsoft visual studio 14.0\vc\include\xmemory0(737): note: 'float RT_Object::checkCollision(int,int,const RT_Vector3df &,const RT_Vector3df &) const': is abstract
  c:\users\182324\desktop\raytracersdl\raytracer\rt_object.h(11): note: see declaration of 'RT_Object::checkCollision'
  c:\program files (x86)\microsoft visual studio 14.0\vc\include\xmemory0(737): note: 'void RT_Object::calcNormale(RT_Vector3df *,float,const RT_Vector3df &,RT_Intersec *) const': is abstract
  c:\users\182324\desktop\raytracersdl\raytracer\rt_object.h(12): note: see declaration of 'RT_Object::calcNormale'
  c:\program files (x86)\microsoft visual studio 14.0\vc\include\xmemory0(857): note: see reference to function template instantiation 'void std::allocator<_Ty>::construct<_Objty,RT_Object&>(_Objty *,RT_Object &)' being compiled
          with
          [
              _Ty=RT_Object,
              _Objty=RT_Object
          ]
  c:\program files (x86)\microsoft visual studio 14.0\vc\include\xmemory0(857): note: see reference to function template instantiation 'void std::allocator<_Ty>::construct<_Objty,RT_Object&>(_Objty *,RT_Object &)' being compiled
          with
          [
              _Ty=RT_Object,
              _Objty=RT_Object
          ]
  c:\program files (x86)\microsoft visual studio 14.0\vc\include\xmemory0(996): note: see reference to function template instantiation 'void std::allocator_traits<_Alloc>::construct<_Ty,RT_Object&>(std::allocator<_Ty> &,_Objty *,RT_Object &)' being compiled
          with
          [
              _Alloc=std::allocator<RT_Object>,
              _Ty=RT_Object,
              _Objty=RT_Object
          ]
  c:\program files (x86)\microsoft visual studio 14.0\vc\include\xmemory0(995): note: see reference to function template instantiation 'void std::allocator_traits<_Alloc>::construct<_Ty,RT_Object&>(std::allocator<_Ty> &,_Objty *,RT_Object &)' being compiled
          with
          [
              _Alloc=std::allocator<RT_Object>,
              _Ty=RT_Object,
              _Objty=RT_Object
          ]
  c:\program files (x86)\microsoft visual studio 14.0\vc\include\vector(1284): note: see reference to function template instantiation 'void std::_Wrap_alloc<std::allocator<_Ty>>::construct<_Ty,RT_Object&>(_Ty *,RT_Object &)' being compiled
          with
          [
              _Ty=RT_Object
          ]
  c:\program files (x86)\microsoft visual studio 14.0\vc\include\vector(1283): note: see reference to function template instantiation 'void std::_Wrap_alloc<std::allocator<_Ty>>::construct<_Ty,RT_Object&>(_Ty *,RT_Object &)' being compiled
          with
          [
              _Ty=RT_Object
          ]
  c:\program files (x86)\microsoft visual studio 14.0\vc\include\vector(1276): note: while compiling class template member function 'void std::vector<RT_Object,std::allocator<_Ty>>::push_back(const RT_Object &)'
          with
          [
              _Ty=RT_Object
          ]
  c:\users\182324\desktop\raytracersdl\raytracer\rt_scene.cpp(18): note: see reference to function template instantiation 'void std::vector<RT_Object,std::allocator<_Ty>>::push_back(const RT_Object &)' being compiled
          with
          [
              _Ty=RT_Object
          ]
  c:\users\182324\desktop\raytracersdl\raytracer\rt_scene.h(26): note: see reference to class template instantiation 'std::vector<RT_Object,std::allocator<_Ty>>' being compiled
          with
          [
              _Ty=RT_Object
          ]
  Generating Code...
  Compiling...
  Main.cpp
c:\users\182324\desktop\raytracersdl\raytracer\main.cpp(7): warning C4244: 'argument': conversion from 'int' to 'float', possible loss of data
c:\users\182324\desktop\raytracersdl\raytracer\main.cpp(8): warning C4244: 'initializing': conversion from 'double' to 'int', possible loss of data
c:\users\182324\desktop\raytracersdl\raytracer\main.cpp(55): warning C4244: 'argument': conversion from 'int' to 'float', possible loss of data
  Generating Code...
  Skipping... (no relevant changes detected)
  RT_Window.cpp
  RT_Sphere.cpp
  RT_Pixel.cpp
